CRITICAL - 2022-01-10 10:24:56 --> Undefined index: nama
#0 C:\xampp\htdocs\efutsal\app\Views\beranda.php(40): CodeIgniter\Debug\Exceptions->errorHandler(8, 'Undefined index...', 'C:\\xampp\\htdocs...', 40, Array)
#1 C:\xampp\htdocs\efutsal\system\View\View.php(214): include('C:\\xampp\\htdocs...')
#2 C:\xampp\htdocs\efutsal\system\View\View.php(217): CodeIgniter\View\View->CodeIgniter\View\{closure}()
#3 C:\xampp\htdocs\efutsal\system\Common.php(1097): CodeIgniter\View\View->render('beranda', Array, true)
#4 C:\xampp\htdocs\efutsal\app\Controllers\Beranda.php(22): view('beranda', Array)
#5 C:\xampp\htdocs\efutsal\system\CodeIgniter.php(824): App\Controllers\Beranda->index()
#6 C:\xampp\htdocs\efutsal\system\CodeIgniter.php(410): CodeIgniter\CodeIgniter->runController(Object(App\Controllers\Beranda))
#7 C:\xampp\htdocs\efutsal\system\CodeIgniter.php(318): CodeIgniter\CodeIgniter->handleRequest(NULL, Object(Config\Cache), false)
#8 C:\xampp\htdocs\efutsal\index.php(37): CodeIgniter\CodeIgniter->run()
#9 {main}
CRITICAL - 2022-01-10 10:24:56 --> Undefined index: nama
#0 C:\xampp\htdocs\efutsal\app\Views\beranda.php(40): CodeIgniter\Debug\Exceptions->errorHandler(8, 'Undefined index...', 'C:\\xampp\\htdocs...', 40, Array)
#1 C:\xampp\htdocs\efutsal\system\View\View.php(214): include('C:\\xampp\\htdocs...')
#2 C:\xampp\htdocs\efutsal\system\View\View.php(217): CodeIgniter\View\View->CodeIgniter\View\{closure}()
#3 C:\xampp\htdocs\efutsal\system\Common.php(1097): CodeIgniter\View\View->render('beranda', Array, true)
#4 C:\xampp\htdocs\efutsal\app\Controllers\Beranda.php(22): view('beranda', Array)
#5 C:\xampp\htdocs\efutsal\system\CodeIgniter.php(824): App\Controllers\Beranda->index()
#6 C:\xampp\htdocs\efutsal\system\CodeIgniter.php(410): CodeIgniter\CodeIgniter->runController(Object(App\Controllers\Beranda))
#7 C:\xampp\htdocs\efutsal\system\CodeIgniter.php(318): CodeIgniter\CodeIgniter->handleRequest(NULL, Object(Config\Cache), false)
#8 C:\xampp\htdocs\efutsal\index.php(37): CodeIgniter\CodeIgniter->run()
#9 {main}
CRITICAL - 2022-01-10 10:28:58 --> Undefined variable: pengatura
#0 C:\xampp\htdocs\efutsal\app\Views\beranda.php(53): CodeIgniter\Debug\Exceptions->errorHandler(8, 'Undefined varia...', 'C:\\xampp\\htdocs...', 53, Array)
#1 C:\xampp\htdocs\efutsal\system\View\View.php(214): include('C:\\xampp\\htdocs...')
#2 C:\xampp\htdocs\efutsal\system\View\View.php(217): CodeIgniter\View\View->CodeIgniter\View\{closure}()
#3 C:\xampp\htdocs\efutsal\system\Common.php(1097): CodeIgniter\View\View->render('beranda', Array, true)
#4 C:\xampp\htdocs\efutsal\app\Controllers\Beranda.php(22): view('beranda', Array)
#5 C:\xampp\htdocs\efutsal\system\CodeIgniter.php(824): App\Controllers\Beranda->index()
#6 C:\xampp\htdocs\efutsal\system\CodeIgniter.php(410): CodeIgniter\CodeIgniter->runController(Object(App\Controllers\Beranda))
#7 C:\xampp\htdocs\efutsal\system\CodeIgniter.php(318): CodeIgniter\CodeIgniter->handleRequest(NULL, Object(Config\Cache), false)
#8 C:\xampp\htdocs\efutsal\index.php(37): CodeIgniter\CodeIgniter->run()
#9 {main}
CRITICAL - 2022-01-10 10:37:00 --> Undefined index: jmlLapangan
#0 C:\xampp\htdocs\efutsal\app\Views\beranda.php(49): CodeIgniter\Debug\Exceptions->errorHandler(8, 'Undefined index...', 'C:\\xampp\\htdocs...', 49, Array)
#1 C:\xampp\htdocs\efutsal\system\View\View.php(214): include('C:\\xampp\\htdocs...')
#2 C:\xampp\htdocs\efutsal\system\View\View.php(217): CodeIgniter\View\View->CodeIgniter\View\{closure}()
#3 C:\xampp\htdocs\efutsal\system\Common.php(1097): CodeIgniter\View\View->render('beranda', Array, true)
#4 C:\xampp\htdocs\efutsal\app\Controllers\Beranda.php(22): view('beranda', Array)
#5 C:\xampp\htdocs\efutsal\system\CodeIgniter.php(824): App\Controllers\Beranda->index()
#6 C:\xampp\htdocs\efutsal\system\CodeIgniter.php(410): CodeIgniter\CodeIgniter->runController(Object(App\Controllers\Beranda))
#7 C:\xampp\htdocs\efutsal\system\CodeIgniter.php(318): CodeIgniter\CodeIgniter->handleRequest(NULL, Object(Config\Cache), false)
#8 C:\xampp\htdocs\efutsal\index.php(37): CodeIgniter\CodeIgniter->run()
#9 {main}
CRITICAL - 2022-01-10 00:20:39 --> Undefined property: App\Controllers\Admin::$bayarModel
#0 C:\xampp\htdocs\efutsal\app\Controllers\Admin.php(31): CodeIgniter\Debug\Exceptions->errorHandler(8, 'Undefined prope...', 'C:\\xampp\\htdocs...', 31, Array)
#1 C:\xampp\htdocs\efutsal\system\CodeIgniter.php(824): App\Controllers\Admin->pesanan()
#2 C:\xampp\htdocs\efutsal\system\CodeIgniter.php(410): CodeIgniter\CodeIgniter->runController(Object(App\Controllers\Admin))
#3 C:\xampp\htdocs\efutsal\system\CodeIgniter.php(318): CodeIgniter\CodeIgniter->handleRequest(NULL, Object(Config\Cache), false)
#4 C:\xampp\htdocs\efutsal\index.php(37): CodeIgniter\CodeIgniter->run()
#5 {main}
CRITICAL - 2022-01-10 00:20:42 --> Undefined property: App\Controllers\Admin::$bayarModel
#0 C:\xampp\htdocs\efutsal\app\Controllers\Admin.php(31): CodeIgniter\Debug\Exceptions->errorHandler(8, 'Undefined prope...', 'C:\\xampp\\htdocs...', 31, Array)
#1 C:\xampp\htdocs\efutsal\system\CodeIgniter.php(824): App\Controllers\Admin->pesanan()
#2 C:\xampp\htdocs\efutsal\system\CodeIgniter.php(410): CodeIgniter\CodeIgniter->runController(Object(App\Controllers\Admin))
#3 C:\xampp\htdocs\efutsal\system\CodeIgniter.php(318): CodeIgniter\CodeIgniter->handleRequest(NULL, Object(Config\Cache), false)
#4 C:\xampp\htdocs\efutsal\index.php(37): CodeIgniter\CodeIgniter->run()
#5 {main}
CRITICAL - 2022-01-10 00:21:07 --> Undefined property: App\Controllers\Admin::$bayarModel
#0 C:\xampp\htdocs\efutsal\app\Controllers\Admin.php(31): CodeIgniter\Debug\Exceptions->errorHandler(8, 'Undefined prope...', 'C:\\xampp\\htdocs...', 31, Array)
#1 C:\xampp\htdocs\efutsal\system\CodeIgniter.php(824): App\Controllers\Admin->pesanan()
#2 C:\xampp\htdocs\efutsal\system\CodeIgniter.php(410): CodeIgniter\CodeIgniter->runController(Object(App\Controllers\Admin))
#3 C:\xampp\htdocs\efutsal\system\CodeIgniter.php(318): CodeIgniter\CodeIgniter->handleRequest(NULL, Object(Config\Cache), false)
#4 C:\xampp\htdocs\efutsal\index.php(37): CodeIgniter\CodeIgniter->run()
#5 {main}
CRITICAL - 2022-01-10 11:32:10 --> syntax error, unexpected end of file
#0 C:\xampp\htdocs\efutsal\system\View\View.php(217): CodeIgniter\View\View->CodeIgniter\View\{closure}()
#1 C:\xampp\htdocs\efutsal\system\Common.php(1097): CodeIgniter\View\View->render('admin', Array, true)
#2 C:\xampp\htdocs\efutsal\app\Controllers\Admin.php(24): view('admin', Array)
#3 C:\xampp\htdocs\efutsal\system\CodeIgniter.php(824): App\Controllers\Admin->index()
#4 C:\xampp\htdocs\efutsal\system\CodeIgniter.php(410): CodeIgniter\CodeIgniter->runController(Object(App\Controllers\Admin))
#5 C:\xampp\htdocs\efutsal\system\CodeIgniter.php(318): CodeIgniter\CodeIgniter->handleRequest(NULL, Object(Config\Cache), false)
#6 C:\xampp\htdocs\efutsal\index.php(37): CodeIgniter\CodeIgniter->run()
#7 {main}
CRITICAL - 2022-01-10 11:32:16 --> syntax error, unexpected end of file
#0 C:\xampp\htdocs\efutsal\system\View\View.php(217): CodeIgniter\View\View->CodeIgniter\View\{closure}()
#1 C:\xampp\htdocs\efutsal\system\Common.php(1097): CodeIgniter\View\View->render('admin', Array, true)
#2 C:\xampp\htdocs\efutsal\app\Controllers\Admin.php(24): view('admin', Array)
#3 C:\xampp\htdocs\efutsal\system\CodeIgniter.php(824): App\Controllers\Admin->index()
#4 C:\xampp\htdocs\efutsal\system\CodeIgniter.php(410): CodeIgniter\CodeIgniter->runController(Object(App\Controllers\Admin))
#5 C:\xampp\htdocs\efutsal\system\CodeIgniter.php(318): CodeIgniter\CodeIgniter->handleRequest(NULL, Object(Config\Cache), false)
#6 C:\xampp\htdocs\efutsal\index.php(37): CodeIgniter\CodeIgniter->run()
#7 {main}
