CRITICAL - 2022-01-07 10:44:15 --> Undefined variable: user
#0 C:\xampp\htdocs\efutsal\app\Views\beranda.php(45): CodeIgniter\Debug\Exceptions->errorHandler(8, 'Undefined varia...', 'C:\\xampp\\htdocs...', 45, Array)
#1 C:\xampp\htdocs\efutsal\system\View\View.php(214): include('C:\\xampp\\htdocs...')
#2 C:\xampp\htdocs\efutsal\system\View\View.php(217): CodeIgniter\View\View->CodeIgniter\View\{closure}()
#3 C:\xampp\htdocs\efutsal\system\Common.php(1097): CodeIgniter\View\View->render('beranda', Array, true)
#4 C:\xampp\htdocs\efutsal\app\Controllers\Beranda.php(9): view('beranda')
#5 C:\xampp\htdocs\efutsal\system\CodeIgniter.php(824): App\Controllers\Beranda->index()
#6 C:\xampp\htdocs\efutsal\system\CodeIgniter.php(410): CodeIgniter\CodeIgniter->runController(Object(App\Controllers\Beranda))
#7 C:\xampp\htdocs\efutsal\system\CodeIgniter.php(318): CodeIgniter\CodeIgniter->handleRequest(NULL, Object(Config\Cache), false)
#8 C:\xampp\htdocs\efutsal\index.php(37): CodeIgniter\CodeIgniter->run()
#9 {main}
CRITICAL - 2022-01-07 20:13:50 --> A non well formed numeric value encountered
#0 [internal function]: CodeIgniter\Debug\Exceptions->errorHandler(8, 'A non well form...', 'C:\\xampp\\htdocs...', 31, Array)
#1 C:\xampp\htdocs\efutsal\app\Views\beranda.php(31): date('1', '2022-01-08')
#2 C:\xampp\htdocs\efutsal\system\View\View.php(214): include('C:\\xampp\\htdocs...')
#3 C:\xampp\htdocs\efutsal\system\View\View.php(217): CodeIgniter\View\View->CodeIgniter\View\{closure}()
#4 C:\xampp\htdocs\efutsal\system\Common.php(1097): CodeIgniter\View\View->render('beranda', Array, true)
#5 C:\xampp\htdocs\efutsal\app\Controllers\Beranda.php(9): view('beranda')
#6 C:\xampp\htdocs\efutsal\system\CodeIgniter.php(824): App\Controllers\Beranda->index()
#7 C:\xampp\htdocs\efutsal\system\CodeIgniter.php(410): CodeIgniter\CodeIgniter->runController(Object(App\Controllers\Beranda))
#8 C:\xampp\htdocs\efutsal\system\CodeIgniter.php(318): CodeIgniter\CodeIgniter->handleRequest(NULL, Object(Config\Cache), false)
#9 C:\xampp\htdocs\efutsal\index.php(37): CodeIgniter\CodeIgniter->run()
#10 {main}
CRITICAL - 2022-01-07 20:14:13 --> A non well formed numeric value encountered
#0 [internal function]: CodeIgniter\Debug\Exceptions->errorHandler(8, 'A non well form...', 'C:\\xampp\\htdocs...', 31, Array)
#1 C:\xampp\htdocs\efutsal\app\Views\beranda.php(31): date('l', '2022-01-08')
#2 C:\xampp\htdocs\efutsal\system\View\View.php(214): include('C:\\xampp\\htdocs...')
#3 C:\xampp\htdocs\efutsal\system\View\View.php(217): CodeIgniter\View\View->CodeIgniter\View\{closure}()
#4 C:\xampp\htdocs\efutsal\system\Common.php(1097): CodeIgniter\View\View->render('beranda', Array, true)
#5 C:\xampp\htdocs\efutsal\app\Controllers\Beranda.php(9): view('beranda')
#6 C:\xampp\htdocs\efutsal\system\CodeIgniter.php(824): App\Controllers\Beranda->index()
#7 C:\xampp\htdocs\efutsal\system\CodeIgniter.php(410): CodeIgniter\CodeIgniter->runController(Object(App\Controllers\Beranda))
#8 C:\xampp\htdocs\efutsal\system\CodeIgniter.php(318): CodeIgniter\CodeIgniter->handleRequest(NULL, Object(Config\Cache), false)
#9 C:\xampp\htdocs\efutsal\index.php(37): CodeIgniter\CodeIgniter->run()
#10 {main}
CRITICAL - 2022-01-07 20:14:15 --> A non well formed numeric value encountered
#0 [internal function]: CodeIgniter\Debug\Exceptions->errorHandler(8, 'A non well form...', 'C:\\xampp\\htdocs...', 31, Array)
#1 C:\xampp\htdocs\efutsal\app\Views\beranda.php(31): date('l', '2022-01-08')
#2 C:\xampp\htdocs\efutsal\system\View\View.php(214): include('C:\\xampp\\htdocs...')
#3 C:\xampp\htdocs\efutsal\system\View\View.php(217): CodeIgniter\View\View->CodeIgniter\View\{closure}()
#4 C:\xampp\htdocs\efutsal\system\Common.php(1097): CodeIgniter\View\View->render('beranda', Array, true)
#5 C:\xampp\htdocs\efutsal\app\Controllers\Beranda.php(9): view('beranda')
#6 C:\xampp\htdocs\efutsal\system\CodeIgniter.php(824): App\Controllers\Beranda->index()
#7 C:\xampp\htdocs\efutsal\system\CodeIgniter.php(410): CodeIgniter\CodeIgniter->runController(Object(App\Controllers\Beranda))
#8 C:\xampp\htdocs\efutsal\system\CodeIgniter.php(318): CodeIgniter\CodeIgniter->handleRequest(NULL, Object(Config\Cache), false)
#9 C:\xampp\htdocs\efutsal\index.php(37): CodeIgniter\CodeIgniter->run()
#10 {main}
CRITICAL - 2022-01-07 20:14:15 --> A non well formed numeric value encountered
#0 [internal function]: CodeIgniter\Debug\Exceptions->errorHandler(8, 'A non well form...', 'C:\\xampp\\htdocs...', 31, Array)
#1 C:\xampp\htdocs\efutsal\app\Views\beranda.php(31): date('l', '2022-01-08')
#2 C:\xampp\htdocs\efutsal\system\View\View.php(214): include('C:\\xampp\\htdocs...')
#3 C:\xampp\htdocs\efutsal\system\View\View.php(217): CodeIgniter\View\View->CodeIgniter\View\{closure}()
#4 C:\xampp\htdocs\efutsal\system\Common.php(1097): CodeIgniter\View\View->render('beranda', Array, true)
#5 C:\xampp\htdocs\efutsal\app\Controllers\Beranda.php(9): view('beranda')
#6 C:\xampp\htdocs\efutsal\system\CodeIgniter.php(824): App\Controllers\Beranda->index()
#7 C:\xampp\htdocs\efutsal\system\CodeIgniter.php(410): CodeIgniter\CodeIgniter->runController(Object(App\Controllers\Beranda))
#8 C:\xampp\htdocs\efutsal\system\CodeIgniter.php(318): CodeIgniter\CodeIgniter->handleRequest(NULL, Object(Config\Cache), false)
#9 C:\xampp\htdocs\efutsal\index.php(37): CodeIgniter\CodeIgniter->run()
#10 {main}
CRITICAL - 2022-01-07 20:14:16 --> A non well formed numeric value encountered
#0 [internal function]: CodeIgniter\Debug\Exceptions->errorHandler(8, 'A non well form...', 'C:\\xampp\\htdocs...', 31, Array)
#1 C:\xampp\htdocs\efutsal\app\Views\beranda.php(31): date('l', '2022-01-08')
#2 C:\xampp\htdocs\efutsal\system\View\View.php(214): include('C:\\xampp\\htdocs...')
#3 C:\xampp\htdocs\efutsal\system\View\View.php(217): CodeIgniter\View\View->CodeIgniter\View\{closure}()
#4 C:\xampp\htdocs\efutsal\system\Common.php(1097): CodeIgniter\View\View->render('beranda', Array, true)
#5 C:\xampp\htdocs\efutsal\app\Controllers\Beranda.php(9): view('beranda')
#6 C:\xampp\htdocs\efutsal\system\CodeIgniter.php(824): App\Controllers\Beranda->index()
#7 C:\xampp\htdocs\efutsal\system\CodeIgniter.php(410): CodeIgniter\CodeIgniter->runController(Object(App\Controllers\Beranda))
#8 C:\xampp\htdocs\efutsal\system\CodeIgniter.php(318): CodeIgniter\CodeIgniter->handleRequest(NULL, Object(Config\Cache), false)
#9 C:\xampp\htdocs\efutsal\index.php(37): CodeIgniter\CodeIgniter->run()
#10 {main}
CRITICAL - 2022-01-07 20:14:16 --> A non well formed numeric value encountered
#0 [internal function]: CodeIgniter\Debug\Exceptions->errorHandler(8, 'A non well form...', 'C:\\xampp\\htdocs...', 31, Array)
#1 C:\xampp\htdocs\efutsal\app\Views\beranda.php(31): date('l', '2022-01-08')
#2 C:\xampp\htdocs\efutsal\system\View\View.php(214): include('C:\\xampp\\htdocs...')
#3 C:\xampp\htdocs\efutsal\system\View\View.php(217): CodeIgniter\View\View->CodeIgniter\View\{closure}()
#4 C:\xampp\htdocs\efutsal\system\Common.php(1097): CodeIgniter\View\View->render('beranda', Array, true)
#5 C:\xampp\htdocs\efutsal\app\Controllers\Beranda.php(9): view('beranda')
#6 C:\xampp\htdocs\efutsal\system\CodeIgniter.php(824): App\Controllers\Beranda->index()
#7 C:\xampp\htdocs\efutsal\system\CodeIgniter.php(410): CodeIgniter\CodeIgniter->runController(Object(App\Controllers\Beranda))
#8 C:\xampp\htdocs\efutsal\system\CodeIgniter.php(318): CodeIgniter\CodeIgniter->handleRequest(NULL, Object(Config\Cache), false)
#9 C:\xampp\htdocs\efutsal\index.php(37): CodeIgniter\CodeIgniter->run()
#10 {main}
CRITICAL - 2022-01-07 20:14:16 --> A non well formed numeric value encountered
#0 [internal function]: CodeIgniter\Debug\Exceptions->errorHandler(8, 'A non well form...', 'C:\\xampp\\htdocs...', 31, Array)
#1 C:\xampp\htdocs\efutsal\app\Views\beranda.php(31): date('l', '2022-01-08')
#2 C:\xampp\htdocs\efutsal\system\View\View.php(214): include('C:\\xampp\\htdocs...')
#3 C:\xampp\htdocs\efutsal\system\View\View.php(217): CodeIgniter\View\View->CodeIgniter\View\{closure}()
#4 C:\xampp\htdocs\efutsal\system\Common.php(1097): CodeIgniter\View\View->render('beranda', Array, true)
#5 C:\xampp\htdocs\efutsal\app\Controllers\Beranda.php(9): view('beranda')
#6 C:\xampp\htdocs\efutsal\system\CodeIgniter.php(824): App\Controllers\Beranda->index()
#7 C:\xampp\htdocs\efutsal\system\CodeIgniter.php(410): CodeIgniter\CodeIgniter->runController(Object(App\Controllers\Beranda))
#8 C:\xampp\htdocs\efutsal\system\CodeIgniter.php(318): CodeIgniter\CodeIgniter->handleRequest(NULL, Object(Config\Cache), false)
#9 C:\xampp\htdocs\efutsal\index.php(37): CodeIgniter\CodeIgniter->run()
#10 {main}
CRITICAL - 2022-01-07 20:14:17 --> A non well formed numeric value encountered
#0 [internal function]: CodeIgniter\Debug\Exceptions->errorHandler(8, 'A non well form...', 'C:\\xampp\\htdocs...', 31, Array)
#1 C:\xampp\htdocs\efutsal\app\Views\beranda.php(31): date('l', '2022-01-08')
#2 C:\xampp\htdocs\efutsal\system\View\View.php(214): include('C:\\xampp\\htdocs...')
#3 C:\xampp\htdocs\efutsal\system\View\View.php(217): CodeIgniter\View\View->CodeIgniter\View\{closure}()
#4 C:\xampp\htdocs\efutsal\system\Common.php(1097): CodeIgniter\View\View->render('beranda', Array, true)
#5 C:\xampp\htdocs\efutsal\app\Controllers\Beranda.php(9): view('beranda')
#6 C:\xampp\htdocs\efutsal\system\CodeIgniter.php(824): App\Controllers\Beranda->index()
#7 C:\xampp\htdocs\efutsal\system\CodeIgniter.php(410): CodeIgniter\CodeIgniter->runController(Object(App\Controllers\Beranda))
#8 C:\xampp\htdocs\efutsal\system\CodeIgniter.php(318): CodeIgniter\CodeIgniter->handleRequest(NULL, Object(Config\Cache), false)
#9 C:\xampp\htdocs\efutsal\index.php(37): CodeIgniter\CodeIgniter->run()
#10 {main}
CRITICAL - 2022-01-07 20:14:17 --> A non well formed numeric value encountered
#0 [internal function]: CodeIgniter\Debug\Exceptions->errorHandler(8, 'A non well form...', 'C:\\xampp\\htdocs...', 31, Array)
#1 C:\xampp\htdocs\efutsal\app\Views\beranda.php(31): date('l', '2022-01-08')
#2 C:\xampp\htdocs\efutsal\system\View\View.php(214): include('C:\\xampp\\htdocs...')
#3 C:\xampp\htdocs\efutsal\system\View\View.php(217): CodeIgniter\View\View->CodeIgniter\View\{closure}()
#4 C:\xampp\htdocs\efutsal\system\Common.php(1097): CodeIgniter\View\View->render('beranda', Array, true)
#5 C:\xampp\htdocs\efutsal\app\Controllers\Beranda.php(9): view('beranda')
#6 C:\xampp\htdocs\efutsal\system\CodeIgniter.php(824): App\Controllers\Beranda->index()
#7 C:\xampp\htdocs\efutsal\system\CodeIgniter.php(410): CodeIgniter\CodeIgniter->runController(Object(App\Controllers\Beranda))
#8 C:\xampp\htdocs\efutsal\system\CodeIgniter.php(318): CodeIgniter\CodeIgniter->handleRequest(NULL, Object(Config\Cache), false)
#9 C:\xampp\htdocs\efutsal\index.php(37): CodeIgniter\CodeIgniter->run()
#10 {main}
CRITICAL - 2022-01-07 20:28:23 --> Object of class App\Controllers\Beranda could not be converted to string
#0 C:\xampp\htdocs\efutsal\app\Controllers\Beranda.php(10): CodeIgniter\Debug\Exceptions->errorHandler(4096, 'Object of class...', 'C:\\xampp\\htdocs...', 10, Array)
#1 C:\xampp\htdocs\efutsal\system\CodeIgniter.php(824): App\Controllers\Beranda->index()
#2 C:\xampp\htdocs\efutsal\system\CodeIgniter.php(410): CodeIgniter\CodeIgniter->runController(Object(App\Controllers\Beranda))
#3 C:\xampp\htdocs\efutsal\system\CodeIgniter.php(318): CodeIgniter\CodeIgniter->handleRequest(NULL, Object(Config\Cache), false)
#4 C:\xampp\htdocs\efutsal\index.php(37): CodeIgniter\CodeIgniter->run()
#5 {main}
CRITICAL - 2022-01-07 20:58:04 --> Class 'App\Models\PesanModel' not found
#0 C:\xampp\htdocs\efutsal\system\CodeIgniter.php(801): App\Controllers\Beranda->__construct()
#1 C:\xampp\htdocs\efutsal\system\CodeIgniter.php(401): CodeIgniter\CodeIgniter->createController()
#2 C:\xampp\htdocs\efutsal\system\CodeIgniter.php(318): CodeIgniter\CodeIgniter->handleRequest(NULL, Object(Config\Cache), false)
#3 C:\xampp\htdocs\efutsal\index.php(37): CodeIgniter\CodeIgniter->run()
#4 {main}
